# JRE version: Java(TM) SE Runtime Environment (8.0_201-b09) (build 1.8.0_201-b09)
# Java VM: Java HotSpot(TM) 64-Bit Server VM (25.201-b09 mixed mode windows-amd64 compressed oops)
Heap:
 PSYoungGen      total 58368K, used 16017K [0x00000000d5f00000, 0x00000000d9e80000, 0x0000000100000000)
  eden space 53248K, 20% used [0x00000000d5f00000,0x00000000d69a5638,0x00000000d9300000)
  from space 5120K, 99% used [0x00000000d9800000,0x00000000d9cff138,0x00000000d9d00000)
  to   space 5120K, 0% used [0x00000000d9300000,0x00000000d9300000,0x00000000d9800000)
 ParOldGen       total 52736K, used 4378K [0x0000000081c00000, 0x0000000084f80000, 0x00000000d5f00000)
  object space 52736K, 8% used [0x0000000081c00000,0x00000000820469f8,0x0000000084f80000)
 Metaspace       used 20533K, capacity 21240K, committed 21296K, reserved 1073152K
  class space    used 2753K, capacity 2941K, committed 2944K, reserved 1048576K
GC Heap History (10 events):
Event: 1.261 GC heap before
{Heap before GC invocations=1 (full 0):
 PSYoungGen      total 38400K, used 33280K [0x00000000d5f00000, 0x00000000d8980000, 0x0000000100000000)
  eden space 33280K, 100% used [0x00000000d5f00000,0x00000000d7f80000,0x00000000d7f80000)
  from space 5120K, 0% used [0x00000000d8480000,0x00000000d8480000,0x00000000d8980000)
  to   space 5120K, 0% used [0x00000000d7f80000,0x00000000d7f80000,0x00000000d8480000)
 ParOldGen       total 87552K, used 0K [0x0000000081c00000, 0x0000000087180000, 0x00000000d5f00000)
  object space 87552K, 0% used [0x0000000081c00000,0x0000000081c00000,0x0000000087180000)
 Metaspace       used 10572K, capacity 10826K, committed 10880K, reserved 1058816K
  class space    used 1303K, capacity 1376K, committed 1408K, reserved 1048576K
Event: 1.270 GC heap after
Heap after GC invocations=1 (full 0):
 PSYoungGen      total 38400K, used 5104K [0x00000000d5f00000, 0x00000000d8980000, 0x0000000100000000)
  eden space 33280K, 0% used [0x00000000d5f00000,0x00000000d5f00000,0x00000000d7f80000)
  from space 5120K, 99% used [0x00000000d7f80000,0x00000000d847c1c0,0x00000000d8480000)
  to   space 5120K, 0% used [0x00000000d8480000,0x00000000d8480000,0x00000000d8980000)
 ParOldGen       total 87552K, used 375K [0x0000000081c00000, 0x0000000087180000, 0x00000000d5f00000)
  object space 87552K, 0% used [0x0000000081c00000,0x0000000081c5de28,0x0000000087180000)
 Metaspace       used 10572K, capacity 10826K, committed 10880K, reserved 1058816K
  class space    used 1303K, capacity 1376K, committed 1408K, reserved 1048576K
}
Event: 1.391 GC heap before
{Heap before GC invocations=2 (full 0):
 PSYoungGen      total 38400K, used 16564K [0x00000000d5f00000, 0x00000000d8980000, 0x0000000100000000)
  eden space 33280K, 34% used [0x00000000d5f00000,0x00000000d6a30ff0,0x00000000d7f80000)
  from space 5120K, 99% used [0x00000000d7f80000,0x00000000d847c1c0,0x00000000d8480000)
  to   space 5120K, 0% used [0x00000000d8480000,0x00000000d8480000,0x00000000d8980000)
 ParOldGen       total 87552K, used 375K [0x0000000081c00000, 0x0000000087180000, 0x00000000d5f00000)
  object space 87552K, 0% used [0x0000000081c00000,0x0000000081c5de28,0x0000000087180000)
 Metaspace       used 12462K, capacity 12780K, committed 12928K, reserved 1069056K
  class space    used 1520K, capacity 1641K, committed 1664K, reserved 1048576K
Event: 1.395 GC heap after
Heap after GC invocations=2 (full 0):
 PSYoungGen      total 38400K, used 4229K [0x00000000d5f00000, 0x00000000d8980000, 0x0000000100000000)
  eden space 33280K, 0% used [0x00000000d5f00000,0x00000000d5f00000,0x00000000d7f80000)
  from space 5120K, 82% used [0x00000000d8480000,0x00000000d88a1698,0x00000000d8980000)
  to   space 5120K, 0% used [0x00000000d7f80000,0x00000000d7f80000,0x00000000d8480000)
 ParOldGen       total 87552K, used 383K [0x0000000081c00000, 0x0000000087180000, 0x00000000d5f00000)
  object space 87552K, 0% used [0x0000000081c00000,0x0000000081c5fe28,0x0000000087180000)
 Metaspace       used 12462K, capacity 12780K, committed 12928K, reserved 1069056K
  class space    used 1520K, capacity 1641K, committed 1664K, reserved 1048576K
}
Event: 1.395 GC heap before
{Heap before GC invocations=3 (full 1):
 PSYoungGen      total 38400K, used 4229K [0x00000000d5f00000, 0x00000000d8980000, 0x0000000100000000)
  eden space 33280K, 0% used [0x00000000d5f00000,0x00000000d5f00000,0x00000000d7f80000)
  from space 5120K, 82% used [0x00000000d8480000,0x00000000d88a1698,0x00000000d8980000)
  to   space 5120K, 0% used [0x00000000d7f80000,0x00000000d7f80000,0x00000000d8480000)
 ParOldGen       total 87552K, used 383K [0x0000000081c00000, 0x0000000087180000, 0x00000000d5f00000)
  object space 87552K, 0% used [0x0000000081c00000,0x0000000081c5fe28,0x0000000087180000)
 Metaspace       used 12462K, capacity 12780K, committed 12928K, reserved 1069056K
  class space    used 1520K, capacity 1641K, committed 1664K, reserved 1048576K
Event: 1.415 GC heap after
Heap after GC invocations=3 (full 1):
 PSYoungGen      total 38400K, used 0K [0x00000000d5f00000, 0x00000000d8980000, 0x0000000100000000)
  eden space 33280K, 0% used [0x00000000d5f00000,0x00000000d5f00000,0x00000000d7f80000)
  from space 5120K, 0% used [0x00000000d8480000,0x00000000d8480000,0x00000000d8980000)
  to   space 5120K, 0% used [0x00000000d7f80000,0x00000000d7f80000,0x00000000d8480000)
 ParOldGen       total 52736K, used 3976K [0x0000000081c00000, 0x0000000084f80000, 0x00000000d5f00000)
  object space 52736K, 7% used [0x0000000081c00000,0x0000000081fe2138,0x0000000084f80000)
 Metaspace       used 12460K, capacity 12774K, committed 12928K, reserved 1067008K
  class space    used 1519K, capacity 1640K, committed 1664K, reserved 1048576K
}
Event: 1.647 GC heap before
{Heap before GC invocations=4 (full 1):
 PSYoungGen      total 38400K, used 33280K [0x00000000d5f00000, 0x00000000d8980000, 0x0000000100000000)
  eden space 33280K, 100% used [0x00000000d5f00000,0x00000000d7f80000,0x00000000d7f80000)
  from space 5120K, 0% used [0x00000000d8480000,0x00000000d8480000,0x00000000d8980000)
  to   space 5120K, 0% used [0x00000000d7f80000,0x00000000d7f80000,0x00000000d8480000)
 ParOldGen       total 52736K, used 3976K [0x0000000081c00000, 0x0000000084f80000, 0x00000000d5f00000)
  object space 52736K, 7% used [0x0000000081c00000,0x0000000081fe2138,0x0000000084f80000)
 Metaspace       used 15486K, capacity 15982K, committed 16128K, reserved 1069056K
  class space    used 2092K, capacity 2218K, committed 2304K, reserved 1048576K
Event: 1.654 GC heap after
Heap after GC invocations=4 (full 1):
 PSYoungGen      total 38400K, used 3552K [0x00000000d5f00000, 0x00000000d9d00000, 0x0000000100000000)
  eden space 33280K, 0% used [0x00000000d5f00000,0x00000000d5f00000,0x00000000d7f80000)
  from space 5120K, 69% used [0x00000000d7f80000,0x00000000d82f83e0,0x00000000d8480000)
  to   space 5120K, 0% used [0x00000000d9800000,0x00000000d9800000,0x00000000d9d00000)
 ParOldGen       total 52736K, used 3984K [0x0000000081c00000, 0x0000000084f80000, 0x00000000d5f00000)
  object space 52736K, 7% used [0x0000000081c00000,0x0000000081fe4138,0x0000000084f80000)
 Metaspace       used 15486K, capacity 15982K, committed 16128K, reserved 1069056K
  class space    used 2092K, capacity 2218K, committed 2304K, reserved 1048576K
}
Event: 1.886 GC heap before
{Heap before GC invocations=5 (full 1):
 PSYoungGen      total 38400K, used 36832K [0x00000000d5f00000, 0x00000000d9d00000, 0x0000000100000000)
  eden space 33280K, 100% used [0x00000000d5f00000,0x00000000d7f80000,0x00000000d7f80000)
  from space 5120K, 69% used [0x00000000d7f80000,0x00000000d82f83e0,0x00000000d8480000)
  to   space 5120K, 0% used [0x00000000d9800000,0x00000000d9800000,0x00000000d9d00000)
 ParOldGen       total 52736K, used 3984K [0x0000000081c00000, 0x0000000084f80000, 0x00000000d5f00000)
  object space 52736K, 7% used [0x0000000081c00000,0x0000000081fe4168,0x0000000084f80000)
 Metaspace       used 19577K, capacity 20156K, committed 20224K, reserved 1071104K
  class space    used 2613K, capacity 2775K, committed 2816K, reserved 1048576K
Event: 1.896 GC heap after
Heap after GC invocations=5 (full 1):
 PSYoungGen      total 58368K, used 5116K [0x00000000d5f00000, 0x00000000d9e80000, 0x0000000100000000)
  eden space 53248K, 0% used [0x00000000d5f00000,0x00000000d5f00000,0x00000000d9300000)
  from space 5120K, 99% used [0x00000000d9800000,0x00000000d9cff138,0x00000000d9d00000)
  to   space 5120K, 0% used [0x00000000d9300000,0x00000000d9300000,0x00000000d9800000)
 ParOldGen       total 52736K, used 4378K [0x0000000081c00000, 0x0000000084f80000, 0x00000000d5f00000)
  object space 52736K, 8% used [0x0000000081c00000,0x00000000820469f8,0x0000000084f80000)
 Metaspace       used 19577K, capacity 20156K, committed 20224K, reserved 1071104K
  class space    used 2613K, capacity 2775K, committed 2816K, reserved 1048576K
}

